<?xml version="1.0" encoding="UTF-8"?>
<testsuite name="agh.ics.oop.AnimalTest" tests="4" skipped="0" failures="0" errors="0" timestamp="2022-10-31T23:44:52" hostname="DESKTOP-QC7KJG8" time="0.032">
  <properties/>
  <testcase name="parserTest()" classname="agh.ics.oop.AnimalTest" time="0.017"/>
  <testcase name="directionTest()" classname="agh.ics.oop.AnimalTest" time="0.004"/>
  <testcase name="positionTest()" classname="agh.ics.oop.AnimalTest" time="0.009"/>
  <testcase name="borderTest()" classname="agh.ics.oop.AnimalTest" time="0.001"/>
  <system-out><![CDATA[position: (3,4), direction: North
position: (3,1), direction: North
]]></system-out>
  <system-err><![CDATA[]]></system-err>
</testsuite>
