<?xml version="1.0" encoding="UTF-8"?>
<testsuite name="agh.ics.oop.GrassFieldTest" tests="4" skipped="0" failures="0" errors="0" timestamp="2022-11-16T16:27:23" hostname="DESKTOP-QC7KJG8" time="0.021">
  <properties/>
  <testcase name="objectAtTest()" classname="agh.ics.oop.GrassFieldTest" time="0.016"/>
  <testcase name="isOccupiedTest()" classname="agh.ics.oop.GrassFieldTest" time="0.001"/>
  <testcase name="canMoveToTest()" classname="agh.ics.oop.GrassFieldTest" time="0.0"/>
  <testcase name="placeTest()" classname="agh.ics.oop.GrassFieldTest" time="0.001"/>
  <system-out><![CDATA[]]></system-out>
  <system-err><![CDATA[]]></system-err>
</testsuite>
